{"/Users/hotuong/Documents/Works/Personal/NodeJSUdemy/NodeJS_FS_Backend/sum.js": {"path":"/Users/hotuong/Documents/Works/Personal/NodeJSUdemy/NodeJS_FS_Backend/sum.js","statementMap":{"0":{"start":{"line":1,"column":12},"end":{"line":3,"column":1}},"1":{"start":{"line":2,"column":2},"end":{"line":2,"column":14}},"2":{"start":{"line":5,"column":0},"end":{"line":5,"column":20}}},"fnMap":{"0":{"name":"(anonymous_0)","decl":{"start":{"line":1,"column":12},"end":{"line":1,"column":13}},"loc":{"start":{"line":1,"column":22},"end":{"line":3,"column":1}},"line":1}},"branchMap":{},"s":{"0":1,"1":1,"2":1},"f":{"0":1},"b":{},"_coverageSchema":"1a1c01bbd47fc00a2c39e90264f33305004495a9","hash":"894a29c7722f6130f22c8667369abfd4f863eee7"}
,"/Users/hotuong/Documents/Works/Personal/NodeJSUdemy/NodeJS_FS_Backend/models/authorModel.js": {"path":"/Users/hotuong/Documents/Works/Personal/NodeJSUdemy/NodeJS_FS_Backend/models/authorModel.js","statementMap":{"0":{"start":{"line":1,"column":17},"end":{"line":1,"column":36}},"1":{"start":{"line":3,"column":21},"end":{"line":30,"column":2}},"2":{"start":{"line":32,"column":0},"end":{"line":32,"column":55}}},"fnMap":{},"branchMap":{},"s":{"0":1,"1":1,"2":1},"f":{},"b":{},"_coverageSchema":"1a1c01bbd47fc00a2c39e90264f33305004495a9","hash":"a9e784abb88091e0b92965e19f0f70ceded5ce34"}
,"/Users/hotuong/Documents/Works/Personal/NodeJSUdemy/NodeJS_FS_Backend/models/bookModel.js": {"path":"/Users/hotuong/Documents/Works/Personal/NodeJSUdemy/NodeJS_FS_Backend/models/bookModel.js","statementMap":{"0":{"start":{"line":1,"column":17},"end":{"line":1,"column":36}},"1":{"start":{"line":3,"column":19},"end":{"line":29,"column":2}},"2":{"start":{"line":31,"column":0},"end":{"line":31,"column":51}}},"fnMap":{},"branchMap":{},"s":{"0":1,"1":1,"2":1},"f":{},"b":{},"_coverageSchema":"1a1c01bbd47fc00a2c39e90264f33305004495a9","hash":"06d475e6398384de7ef5efccc0e6f563656f23fb"}
,"/Users/hotuong/Documents/Works/Personal/NodeJSUdemy/NodeJS_FS_Backend/models/userModel.js": {"path":"/Users/hotuong/Documents/Works/Personal/NodeJSUdemy/NodeJS_FS_Backend/models/userModel.js","statementMap":{"0":{"start":{"line":1,"column":17},"end":{"line":1,"column":36}},"1":{"start":{"line":3,"column":19},"end":{"line":38,"column":2}},"2":{"start":{"line":40,"column":0},"end":{"line":40,"column":51}}},"fnMap":{},"branchMap":{},"s":{"0":1,"1":1,"2":1},"f":{},"b":{},"_coverageSchema":"1a1c01bbd47fc00a2c39e90264f33305004495a9","hash":"ecaabbdbfa4938d28219443c3015377294f785c4"}
}
